Flutter crash report; please file at https://github.com/flutter/flutter/issues.

## command

flutter --quiet assemble --depfile D:\Flutter\asocijacije\build\app\intermediates\flutter\debug/flutter_build.d --output D:\Flutter\asocijacije\build\app\intermediates\flutter\debug -dTargetFile=D:\Flutter\asocijacije\lib\main.dart -dTargetPlatform=android -dBuildMode=debug --DartDefines=flutter.inspector.structuredErrors=true debug_android_application

## exception

FileSystemException: FileSystemException: Cannot delete file, path = 'D:\Flutter\asocijacije\.dart_tool\flutter_build\0165485b5065a914293c5084b457b8d3\debug_android_application.stamp' (OS Error: The system cannot find the file specified.
, errno = 2)

```
#0      _File.throwIfError (dart:io/file_impl.dart:645:7)
#1      _File._deleteSync (dart:io/file_impl.dart:308:5)
#2      FileSystemEntity.deleteSync (dart:io/file_system_entity.dart:460:47)
#3      ForwardingFileSystemEntity.deleteSync (package:file/src/forwarding/forwarding_file_system_entity.dart:72:16)
#4      Target.clearStamp (package:flutter_tools/src/build_system/build_system.dart:159:13)
#5      _BuildInstance._invokeInternal (package:flutter_tools/src/build_system/build_system.dart:649:19)
<asynchronous suspension>
#6      _BuildInstance.invokeTarget.<anonymous closure> (package:flutter_tools/src/build_system/build_system.dart:569:35)
#7      new Future.sync (dart:async/future.dart:224:31)
#8      AsyncMemoizer.runOnce (package:async/src/async_memoizer.dart:43:45)
#9      _BuildInstance.invokeTarget (package:flutter_tools/src/build_system/build_system.dart:569:21)
<asynchronous suspension>
#10     BuildSystem.build (package:flutter_tools/src/build_system/build_system.dart:498:36)
#11     AssembleCommand.runCommand (package:flutter_tools/src/commands/assemble.dart:189:58)
#12     FlutterCommand.verifyThenRunCommand (package:flutter_tools/src/runner/flutter_command.dart:723:18)
<asynchronous suspension>
#13     FlutterCommand.run.<anonymous closure> (package:flutter_tools/src/runner/flutter_command.dart:620:33)
<asynchronous suspension>
#14     FlutterCommand.run.<anonymous closure> (package:flutter_tools/src/runner/flutter_command.dart)
#15     AppContext.run.<anonymous closure> (package:flutter_tools/src/base/context.dart:150:29)
#16     _rootRun (dart:async/zone.dart:1184:13)
#17     _CustomZone.run (dart:async/zone.dart:1077:19)
#18     _runZoned (dart:async/zone.dart:1619:10)
#19     runZoned (dart:async/zone.dart:1539:10)
#20     AppContext.run (package:flutter_tools/src/base/context.dart:149:18)
#21     FlutterCommand.run (package:flutter_tools/src/runner/flutter_command.dart:610:20)
#22     CommandRunner.runCommand (package:args/command_runner.dart:197:27)
#23     FlutterCommandRunner.runCommand.<anonymous closure> (package:flutter_tools/src/runner/flutter_command_runner.dart:339:21)
<asynchronous suspension>
#24     FlutterCommandRunner.runCommand.<anonymous closure> (package:flutter_tools/src/runner/flutter_command_runner.dart)
#25     AppContext.run.<anonymous closure> (package:flutter_tools/src/base/context.dart:150:29)
#26     _rootRun (dart:async/zone.dart:1184:13)
#27     _CustomZone.run (dart:async/zone.dart:1077:19)
#28     _runZoned (dart:async/zone.dart:1619:10)
#29     runZoned (dart:async/zone.dart:1539:10)
#30     AppContext.run (package:flutter_tools/src/base/context.dart:149:18)
#31     FlutterCommandRunner.runCommand (package:flutter_tools/src/runner/flutter_command_runner.dart:288:19)
#32     CommandRunner.run.<anonymous closure> (package:args/command_runner.dart:112:25)
#33     new Future.sync (dart:async/future.dart:224:31)
#34     CommandRunner.run (package:args/command_runner.dart:112:14)
#35     FlutterCommandRunner.run (package:flutter_tools/src/runner/flutter_command_runner.dart:231:18)
#36     run.<anonymous closure>.<anonymous closure> (package:flutter_tools/runner.dart:63:22)
#37     _rootRun (dart:async/zone.dart:1184:13)
#38     _CustomZone.run (dart:async/zone.dart:1077:19)
#39     _runZoned (dart:async/zone.dart:1619:10)
#40     runZonedGuarded (dart:async/zone.dart:1608:12)
#41     runZoned (dart:async/zone.dart:1536:12)
#42     run.<anonymous closure> (package:flutter_tools/runner.dart:61:18)
<asynchronous suspension>
#43     run.<anonymous closure> (package:flutter_tools/runner.dart)
#44     runInContext.runnerWrapper (package:flutter_tools/src/context_runner.dart:64:18)
<asynchronous suspension>
#45     runInContext.runnerWrapper (package:flutter_tools/src/context_runner.dart)
#46     AppContext.run.<anonymous closure> (package:flutter_tools/src/base/context.dart:150:29)
#47     _rootRun (dart:async/zone.dart:1184:13)
#48     _CustomZone.run (dart:async/zone.dart:1077:19)
#49     _runZoned (dart:async/zone.dart:1619:10)
#50     runZoned (dart:async/zone.dart:1539:10)
#51     AppContext.run (package:flutter_tools/src/base/context.dart:149:18)
#52     runInContext (package:flutter_tools/src/context_runner.dart:67:24)
#53     run (package:flutter_tools/runner.dart:48:10)
#54     main (package:flutter_tools/executable.dart:69:9)
#55     main (file:///C:/src/flutter/packages/flutter_tools/bin/flutter_tools.dart:8:3)
#56     _startIsolate.<anonymous closure> (dart:isolate-patch/isolate_patch.dart:299:32)
#57     _RawReceivePortImpl._handleMessage (dart:isolate-patch/isolate_patch.dart:168:12)
```

## flutter doctor

```
[✓] Flutter (Channel stable, v1.17.5, on Microsoft Windows [Version 10.0.18363.1256], locale sr-Latn-RS)
    • Flutter version 1.17.5 at C:\src\flutter
    • Framework revision 8af6b2f038 (8 months ago), 2020-06-30 12:53:55 -0700
    • Engine revision ee76268252
    • Dart version 2.8.4

[✓] Android toolchain - develop for Android devices (Android SDK version 30.0.1)
    • Android SDK at C:\Users\Lazar\AppData\Local\Android\sdk
    • Platform android-30, build-tools 30.0.1
    • Java binary at: C:\Program Files\Android\Android Studio\jre\bin\java
    • Java version OpenJDK Runtime Environment (build 1.8.0_242-release-1644-b01)
    • All Android licenses accepted.

[✓] Android Studio (version 4.0)
    • Android Studio at C:\Program Files\Android\Android Studio
    • Flutter plugin version 47.1.2
    • Dart plugin version 193.7361
    • Java version OpenJDK Runtime Environment (build 1.8.0_242-release-1644-b01)

[✓] VS Code (version 1.53.2)
    • VS Code at C:\Users\Lazar\AppData\Local\Programs\Microsoft VS Code
    • Flutter extension version 3.19.0

[✓] Connected device (1 available)
    • SM A715F • R58N607GF2L • android-arm64 • Android 10 (API 29)

• No issues found!
```
